<?xml version="1.0" encoding="UTF-8"?>
<!-- Generated by org.testng.reporters.JUnitXMLReporter -->
<testsuite hostname="HW2307" name="Test-chrome-Web" tests="1" failures="0" timestamp="14 Dec 2016 13:09:25 GMT" time="102.654" errors="0">
  <testcase name="" time="67.195" classname="com.web.automation.scripts.InficonValidation"/>
</testsuite> <!-- Test-chrome-Web -->
