<?xml version="1.0" encoding="UTF-8"?>
<!-- Generated by org.testng.reporters.JUnitReportReporter -->
<testsuite hostname="HW0380" name="com.Mumms.scripts.Home" tests="6" failures="0" timestamp="5 Apr 2016 13:34:14 GMT" time="1360.382" errors="0">
  <testcase name="verifyPatientsbyPayerType" time="157.680" classname="com.Mumms.scripts.Home"/>
  <testcase name="claimsManagementNoesTab" time="363.141" classname="com.Mumms.scripts.Home"/>
  <testcase name="verifyBillingWidget" time="119.233" classname="com.Mumms.scripts.Home"/>
  <testcase name="claimsManagement" time="336.042" classname="com.Mumms.scripts.Home"/>
  <testcase name="verifyWidgetsfunctionslity" time="183.693" classname="com.Mumms.scripts.Home"/>
  <testcase name="verifyMedicationsWidget" time="200.593" classname="com.Mumms.scripts.Home"/>
</testsuite> <!-- com.Mumms.scripts.Home -->
