<?xml version="1.0" encoding="UTF-8"?>
<!-- Generated by org.testng.reporters.JUnitReportReporter -->
<testsuite hostname="HW0380" name="com.Mumms.scripts.Reports" tests="14" failures="0" timestamp="5 Apr 2016 13:34:14 GMT" time="1999.744" errors="0">
  <testcase name="medlineReport" time="174.013" classname="com.Mumms.scripts.Reports"/>
  <testcase name="testGenerateCreditClaimBalanceReport" time="117.277" classname="com.Mumms.scripts.Reports"/>
  <testcase name="testGenerateTeamMeetingReport" time="129.586" classname="com.Mumms.scripts.Reports"/>
  <testcase name="testGenerateHISForDischargeReport" time="117.540" classname="com.Mumms.scripts.Reports"/>
  <testcase name="testGeneratePatientDaysbyLevelofCareReport" time="222.227" classname="com.Mumms.scripts.Reports"/>
  <testcase name="testGenerateReferralsbyReferralSourceReport" time="155.518" classname="com.Mumms.scripts.Reports"/>
  <testcase name="verifyCAHPSReport" time="151.010" classname="com.Mumms.scripts.Reports"/>
  <testcase name="testGenerateHISForAdmissionReport" time="118.813" classname="com.Mumms.scripts.Reports"/>
  <testcase name="testGenerateBereavedPersonsReport" time="120.547" classname="com.Mumms.scripts.Reports"/>
  <testcase name="testGenerateMonthEndARReconciliationReport" time="119.748" classname="com.Mumms.scripts.Reports"/>
  <testcase name="testGenerateVisitReport" time="198.857" classname="com.Mumms.scripts.Reports"/>
  <testcase name="testGenerateMonthlyRevenueReport" time="135.517" classname="com.Mumms.scripts.Reports"/>
  <testcase name="testGenerateContactsListReport" time="121.855" classname="com.Mumms.scripts.Reports"/>
  <testcase name="testGeneratePaymentsAndAdjustmentsReport" time="117.236" classname="com.Mumms.scripts.Reports"/>
</testsuite> <!-- com.Mumms.scripts.Reports -->
