<?xml version="1.0" encoding="UTF-8"?>
<!-- Generated by org.testng.reporters.JUnitReportReporter -->
<testsuite hostname="WIN-PBVU1D92USF" name="com.SalesForce.scripts.Contacts" tests="4" failures="0" timestamp="10 Feb 2016 11:06:32 GMT" time="834.139" errors="0">
  <testcase name="TestCreateDuplicateContact" time="221.178" classname="com.SalesForce.scripts.Contacts"/>
  <testcase name="TestCreateContact" time="265.565" classname="com.SalesForce.scripts.Contacts"/>
  <testcase name="TestViewAllContacts" time="131.221" classname="com.SalesForce.scripts.Contacts"/>
  <testcase name="TestLinkContactWithMultipleAccounts" time="216.175" classname="com.SalesForce.scripts.Contacts"/>
</testsuite> <!-- com.SalesForce.scripts.Contacts -->
