<?xml version="1.0" encoding="UTF-8"?>
<!-- Generated by org.testng.reporters.JUnitReportReporter -->
<testsuite hostname="WIN-PBVU1D92USF" name="com.SalesForce.scripts.Case" tests="10" failures="0" timestamp="10 Feb 2016 11:06:32 GMT" time="1592.407" errors="0">
  <testcase name="TransferCase" time="198.723" classname="com.SalesForce.scripts.Case"/>
  <testcase name="CreateCaseFromOpportunity" time="77.105" classname="com.SalesForce.scripts.Case"/>
  <testcase name="CreateCaseFromAccounts" time="197.902" classname="com.SalesForce.scripts.Case"/>
  <testcase name="CreateCaseFromOpportunity" time="228.995" classname="com.SalesForce.scripts.Case"/>
  <testcase name="TransferCase" time="199.496" classname="com.SalesForce.scripts.Case"/>
  <testcase name="CaseEscalationRules" time="238.118" classname="com.SalesForce.scripts.Case"/>
  <testcase name="CreateCaseFromAccounts" time="77.123" classname="com.SalesForce.scripts.Case"/>
  <testcase name="CreateCaseFromOpportunity" time="77.195" classname="com.SalesForce.scripts.Case"/>
  <testcase name="CreateCaseFromContact" time="220.242" classname="com.SalesForce.scripts.Case"/>
  <testcase name="CreateCaseFromOpportunity" time="77.508" classname="com.SalesForce.scripts.Case"/>
</testsuite> <!-- com.SalesForce.scripts.Case -->
