<?xml version="1.0" encoding="UTF-8"?>
<!-- Generated by org.testng.reporters.JUnitReportReporter -->
<testsuite hostname="WIN-PBVU1D92USF" name="com.SalesForce.scripts.Activity" tests="3" failures="0" timestamp="10 Feb 2016 11:58:20 GMT" time="615.421" errors="0">
  <testcase name="CreateSalesandSupportTaskContact" time="217.010" classname="com.SalesForce.scripts.Activity"/>
  <testcase name="CreateActivityFromContact" time="210.899" classname="com.SalesForce.scripts.Activity"/>
  <testcase name="DifferentiationBetweenActivityAndTask" time="187.512" classname="com.SalesForce.scripts.Activity"/>
</testsuite> <!-- com.SalesForce.scripts.Activity -->
