<?xml version="1.0" encoding="UTF-8"?>
<!-- Generated by org.testng.reporters.JUnitReportReporter -->
<testsuite hostname="HW2307" name="com.Inficon.scripts.Login" tests="1" failures="0" timestamp="14 Dec 2016 15:19:22 GMT" time="28.962" errors="0">
  <testcase name="loginToJenkins" time="28.962" classname="com.Inficon.scripts.Login"/>
</testsuite> <!-- com.Inficon.scripts.Login -->
