<?xml version="1.0" encoding="UTF-8"?>
<!-- Generated by org.testng.reporters.JUnitReportReporter -->
<testsuite hostname="HW2307" name="com.web.automation.scripts.InficonValidation" tests="1" failures="0" timestamp="14 Dec 2016 13:09:26 GMT" time="67.706" errors="0">
  <testcase name="sampleGitHubJenkinsTest" time="67.706" classname="com.web.automation.scripts.InficonValidation"/>
</testsuite> <!-- com.web.automation.scripts.InficonValidation -->
