<?xml version="1.0" encoding="UTF-8"?>
<!-- Generated by org.testng.reporters.JUnitReportReporter -->
<testsuite hostname="WIN-PBVU1D92USF" name="com.SalesForce.scripts.Accounts" tests="8" failures="0" timestamp="10 Feb 2016 11:06:32 GMT" time="1245.173" errors="0">
  <testcase name="TestCreateNewAccount" time="169.343" classname="com.SalesForce.scripts.Accounts"/>
  <testcase name="TestViewHierarchy" time="144.794" classname="com.SalesForce.scripts.Accounts"/>
  <testcase name="TestViewAndEditMyAccounts" time="160.720" classname="com.SalesForce.scripts.Accounts"/>
  <testcase name="TestCreateNewReport" time="200.996" classname="com.SalesForce.scripts.Accounts"/>
  <testcase name="TestViewExistingAccount" time="118.298" classname="com.SalesForce.scripts.Accounts"/>
  <testcase name="Test360viewofaccount" time="152.035" classname="com.SalesForce.scripts.Accounts"/>
  <testcase name="TestViewCompetitorProducts" time="132.345" classname="com.SalesForce.scripts.Accounts"/>
  <testcase name="TestCreateContactForAnAccount" time="166.642" classname="com.SalesForce.scripts.Accounts"/>
</testsuite> <!-- com.SalesForce.scripts.Accounts -->
