<?xml version="1.0" encoding="UTF-8"?>
<!-- Generated by org.testng.reporters.JUnitReportReporter -->
<testsuite hostname="WIN-PBVU1D92USF" name="com.SalesForce.scripts.HomePageScript" tests="5" failures="0" timestamp="11 Jan 2016 07:16:07 GMT" time="376.089" errors="0">
  <testcase name="TestCustomize_RemoveTab" time="81.143" classname="com.SalesForce.scripts.HomePageScript"/>
  <testcase name="TestCustomize_RemoveTab" time="81.539" classname="com.SalesForce.scripts.HomePageScript"/>
  <testcase name="TestCustomize_AddTab" time="71.471" classname="com.SalesForce.scripts.HomePageScript"/>
  <testcase name="TestCustomize_AddTab" time="72.326" classname="com.SalesForce.scripts.HomePageScript"/>
  <testcase name="TestVerifyMyTaskAndCalenderSection" time="69.610" classname="com.SalesForce.scripts.HomePageScript"/>
</testsuite> <!-- com.SalesForce.scripts.HomePageScript -->
