<?xml version="1.0" encoding="UTF-8"?>
<!-- Generated by org.testng.reporters.JUnitReportReporter -->
<testsuite hostname="HW2307" name="com.web.automation.scripts.PrizmaValidation" tests="1" failures="1" timestamp="8 Dec 2016 08:02:08 GMT" time="714.857" errors="0">
  <testcase name="CreateActivityID_Save" time="714.857" classname="com.web.automation.scripts.PrizmaValidation">
    <failure type="java.lang.AssertionError" message="Test Case Failed because - Failed to generate Activity ID&#039;s.">
      <![CDATA[java.lang.AssertionError: Test Case Failed because - Failed to generate Activity ID's.
	at org.testng.Assert.fail(Assert.java:94)
	at com.web.automation.scripts.PrizmaValidation.TestCaseStatus(PrizmaValidation.java:43)
	at com.web.automation.scripts.PrizmaValidation.CreateActivityID_Save(PrizmaValidation.java:99)
	at sun.reflect.NativeMethodAccessorImpl.invoke0(Native Method)
	at sun.reflect.NativeMethodAccessorImpl.invoke(NativeMethodAccessorImpl.java:62)
	at sun.reflect.DelegatingMethodAccessorImpl.invoke(DelegatingMethodAccessorImpl.java:43)
	at java.lang.reflect.Method.invoke(Method.java:497)
	at org.testng.internal.MethodInvocationHelper.invokeMethod(MethodInvocationHelper.java:86)
	at org.testng.internal.Invoker.invokeMethod(Invoker.java:643)
	at org.testng.internal.Invoker.invokeTestMethod(Invoker.java:820)
	at org.testng.internal.Invoker.invokeTestMethods(Invoker.java:1128)
	at org.testng.internal.TestMethodWorker.invokeTestMethods(TestMethodWorker.java:129)
	at org.testng.internal.TestMethodWorker.run(TestMethodWorker.java:112)
	at org.testng.TestRunner.privateRun(TestRunner.java:782)
	at org.testng.TestRunner.run(TestRunner.java:632)
	at org.testng.SuiteRunner.runTest(SuiteRunner.java:366)
	at org.testng.SuiteRunner.access$000(SuiteRunner.java:39)
	at org.testng.SuiteRunner$SuiteWorker.run(SuiteRunner.java:400)
	at org.testng.internal.thread.ThreadUtil$2.call(ThreadUtil.java:64)
	at java.util.concurrent.FutureTask.run(FutureTask.java:266)
	at java.util.concurrent.ThreadPoolExecutor.runWorker(ThreadPoolExecutor.java:1142)
	at java.util.concurrent.ThreadPoolExecutor$Worker.run(ThreadPoolExecutor.java:617)
	at java.lang.Thread.run(Thread.java:745)
]]>
    </failure>
  </testcase> <!-- CreateActivityID_Save -->
</testsuite> <!-- com.web.automation.scripts.PrizmaValidation -->
