<?xml version="1.0" encoding="UTF-8"?>
<!-- Generated by org.testng.reporters.JUnitReportReporter -->
<testsuite hostname="HW0380" name="com.Mumms.scripts.Patient" tests="13" failures="0" timestamp="5 Apr 2016 13:34:14 GMT" time="11832.667" errors="0">
  <testcase name="verifyPatientDrawerFunctionality" time="160.210" classname="com.Mumms.scripts.Patient"/>
  <testcase name="TestValidateElectionGrid" time="1370.050" classname="com.Mumms.scripts.Patient"/>
  <testcase name="verifyDiagnosisTab" time="776.281" classname="com.Mumms.scripts.Patient"/>
  <testcase name="verifyintractiongrid" time="2470.165" classname="com.Mumms.scripts.Patient"/>
  <testcase name="TestCareGiversTab" time="735.312" classname="com.Mumms.scripts.Patient"/>
  <testcase name="TestUpdatePatient" time="319.364" classname="com.Mumms.scripts.Patient"/>
  <testcase name="verifyUnadmitFunctionality" time="1216.243" classname="com.Mumms.scripts.Patient"/>
  <testcase name="verifyDemographicsTab" time="818.934" classname="com.Mumms.scripts.Patient"/>
  <testcase name="TestAddPatient" time="292.200" classname="com.Mumms.scripts.Patient"/>
  <testcase name="verifyAllergiesTab" time="695.381" classname="com.Mumms.scripts.Patient"/>
  <testcase name="TestValidateInsuranceTab" time="688.188" classname="com.Mumms.scripts.Patient"/>
  <testcase name="TestValidateHistoryTab" time="884.019" classname="com.Mumms.scripts.Patient"/>
  <testcase name="TestValidatePatientHeader" time="1406.320" classname="com.Mumms.scripts.Patient"/>
</testsuite> <!-- com.Mumms.scripts.Patient -->
