<?xml version="1.0" encoding="UTF-8"?>
<!-- Generated by org.testng.reporters.JUnitReportReporter -->
<testsuite hostname="WIN-PBVU1D92USF" name="com.SalesForce.scripts.Login" tests="1" failures="0" timestamp="10 Feb 2016 11:06:32 GMT" time="56.797" errors="0">
  <testcase name="TestLogin" time="56.797" classname="com.SalesForce.scripts.Login"/>
</testsuite> <!-- com.SalesForce.scripts.Login -->
