<?xml version="1.0" encoding="UTF-8"?>
<!-- Generated by org.testng.reporters.JUnitReportReporter -->
<testsuite hostname="HW0380" name="com.Mumms.scripts.Login" tests="1" failures="0" timestamp="29 Mar 2016 13:11:03 GMT" time="88.895" errors="0">
  <testcase name="loginWithDiffferentCredentials" time="88.895" classname="com.Mumms.scripts.Login"/>
</testsuite> <!-- com.Mumms.scripts.Login -->
