<?xml version="1.0" encoding="UTF-8"?>
<!-- Generated by org.testng.reporters.JUnitReportReporter -->
<testsuite hostname="WIN-PBVU1D92USF" name="com.SalesForce.scripts.Opportunity" tests="3" failures="0" timestamp="10 Feb 2016 11:06:32 GMT" time="597.810" errors="0">
  <testcase name="TestCreateNegativeWinBackOpportunityWorkflow" time="204.745" classname="com.SalesForce.scripts.Opportunity"/>
  <testcase name="TestCreateNegativeWinBackOpportunity" time="206.950" classname="com.SalesForce.scripts.Opportunity"/>
  <testcase name="TestCreateLPDOpportunity" time="186.115" classname="com.SalesForce.scripts.Opportunity"/>
</testsuite> <!-- com.SalesForce.scripts.Opportunity -->
