<?xml version="1.0" encoding="UTF-8"?>
<!-- Generated by org.testng.reporters.JUnitReportReporter -->
<testsuite hostname="HW2307" name="com.Inficon.scripts.Login" tests="1" failures="0" timestamp="15 Dec 2016 07:17:06 GMT" time="69.636" errors="0">
  <testcase name="inficonDemoApp" time="69.636" classname="com.Inficon.scripts.Login"/>
</testsuite> <!-- com.Inficon.scripts.Login -->
